d:\pulpit\3d_platforma\build\3dengine.dir\debug\vc143.pdb
d:\pulpit\3d_platforma\build\3dengine.dir\debug\main.obj
d:\pulpit\3d_platforma\build\3dengine.dir\debug\spike.obj
d:\pulpit\3d_platforma\build\3dengine.dir\debug\playercontroller.obj
d:\pulpit\3d_platforma\build\3dengine.dir\debug\player.obj
d:\pulpit\3d_platforma\build\3dengine.dir\debug\menuscene.obj
d:\pulpit\3d_platforma\build\3dengine.dir\debug\groundmodel.obj
d:\pulpit\3d_platforma\build\3dengine.dir\debug\gamescene.obj
d:\pulpit\3d_platforma\build\3dengine.dir\debug\vboindexer.obj
d:\pulpit\3d_platforma\build\3dengine.dir\debug\objloader.obj
d:\pulpit\3d_platforma\build\3dengine.dir\debug\transformableobject.obj
d:\pulpit\3d_platforma\build\3dengine.dir\debug\texturedmodelshape3d.obj
d:\pulpit\3d_platforma\build\3dengine.dir\debug\soundhandler.obj
d:\pulpit\3d_platforma\build\3dengine.dir\debug\solidplane3d.obj
d:\pulpit\3d_platforma\build\3dengine.dir\debug\primitiveshape3d.obj
d:\pulpit\3d_platforma\build\3dengine.dir\debug\observer.obj
d:\pulpit\3d_platforma\build\3dengine.dir\debug\modelshape3d.obj
d:\pulpit\3d_platforma\build\3dengine.dir\debug\modelloader.obj
d:\pulpit\3d_platforma\build\3dengine.dir\debug\inputmap.obj
d:\pulpit\3d_platforma\build\3dengine.dir\debug\engine.obj
d:\pulpit\3d_platforma\build\3dengine.dir\debug\bitmaphandler.obj
d:\pulpit\3d_platforma\build\cmakefiles\generate.stamp
d:\pulpit\3d_platforma\build\debug\3dengine.exe
d:\pulpit\3d_platforma\build\debug\3dengine.pdb
d:\pulpit\3d_platforma\build\3dengine.dir\debug\3dengine.ilk
d:\pulpit\3d_platforma\build\3dengine.dir\debug\3dengine.tlog\cl.command.1.tlog
d:\pulpit\3d_platforma\build\3dengine.dir\debug\3dengine.tlog\cl.items.tlog
d:\pulpit\3d_platforma\build\3dengine.dir\debug\3dengine.tlog\cl.read.1.tlog
d:\pulpit\3d_platforma\build\3dengine.dir\debug\3dengine.tlog\cl.write.1.tlog
d:\pulpit\3d_platforma\build\3dengine.dir\debug\3dengine.tlog\custombuild.command.1.tlog
d:\pulpit\3d_platforma\build\3dengine.dir\debug\3dengine.tlog\custombuild.read.1.tlog
d:\pulpit\3d_platforma\build\3dengine.dir\debug\3dengine.tlog\custombuild.write.1.tlog
d:\pulpit\3d_platforma\build\3dengine.dir\debug\3dengine.tlog\link.command.1.tlog
d:\pulpit\3d_platforma\build\3dengine.dir\debug\3dengine.tlog\link.read.1.tlog
d:\pulpit\3d_platforma\build\3dengine.dir\debug\3dengine.tlog\link.secondary.1.tlog
d:\pulpit\3d_platforma\build\3dengine.dir\debug\3dengine.tlog\link.write.1.tlog
